<?xml version="1.0" encoding="UTF-8"?>
<!-- Generated by org.testng.reporters.JUnitReportReporter -->
<testsuite skipped="0" hostname="LAPTOP-J7MNH39G" name="first.LogoutfromFlipkart" tests="1" failures="0" timestamp="07 Jun 2019 03:09:26 GMT" time="0.002" errors="0">
  <testcase name="LogoutfromFlipkart" time="0.002" classname="first.LogoutfromFlipkart"/>
</testsuite> <!-- first.LogoutfromFlipkart -->
