<?xml version="1.0" encoding="UTF-8"?>
<!-- Generated by org.testng.reporters.JUnitReportReporter -->
<testsuite skipped="0" hostname="LAPTOP-J7MNH39G" name="first.LoginToFlipkart" tests="1" failures="0" timestamp="07 Jun 2019 03:09:26 GMT" time="0.009" errors="0">
  <testcase name="LoginToFlipkart" time="0.009" classname="first.LoginToFlipkart"/>
</testsuite> <!-- first.LoginToFlipkart -->
